<?xml version="1.0" encoding="UTF-8"?>
<!-- Generated by org.testng.reporters.JUnitReportReporter -->
<testsuite hostname="DESKTOP-PDIP2HN" failures="0" tests="1" name="TestCases.SuperAdminCreateProjectTestCase" time="63.514" errors="0" timestamp="2024-01-24T13:40:25 IST" skipped="0">
  <testcase classname="TestCases.SuperAdminCreateProjectTestCase" name="CreateProject_TC_001" time="63.514"/>
  <system-out/>
</testsuite> <!-- TestCases.SuperAdminCreateProjectTestCase -->
