<?xml version="1.0" encoding="UTF-8"?>
<!-- Generated by org.testng.reporters.JUnitReportReporter -->
<testsuite hostname="DESKTOP-PDIP2HN" failures="0" tests="3" name="TestCases.Home" time="130.829" errors="0" timestamp="2024-01-11T12:48:10 IST" skipped="0">
  <testcase classname="TestCases.Home" name="TC_Login" time="45.246"/>
  <system-out/>
  <testcase classname="TestCases.Home" name="TC_Login" time="43.727"/>
  <system-out/>
  <testcase classname="TestCases.Home" name="TC_Login" time="41.856"/>
  <system-out/>
</testsuite> <!-- TestCases.Home -->
