<?xml version="1.0" encoding="UTF-8"?>
<!-- Generated by org.testng.reporters.JUnitReportReporter -->
<testsuite hostname="DESKTOP-PDIP2HN" failures="0" tests="1" name="TestCases.HomePage_TC002" time="155.501" errors="0" timestamp="2024-01-12T11:27:49 IST" skipped="0">
  <testcase classname="TestCases.HomePage_TC002" name="TC_001" time="155.501"/>
  <system-out/>
</testsuite> <!-- TestCases.HomePage_TC002 -->
