<?xml version="1.0" encoding="UTF-8"?>
<!-- Generated by org.testng.reporters.JUnitReportReporter -->
<testsuite hostname="DESKTOP-PDIP2HN" failures="0" tests="2" name="TestCases.SuperAdminModellerTestCase" time="130.879" errors="0" timestamp="2024-01-24T13:20:51 IST" skipped="0">
  <testcase classname="TestCases.SuperAdminModellerTestCase" name="CreateForm_TC_001" time="65.025"/>
  <system-out/>
  <testcase classname="TestCases.SuperAdminModellerTestCase" name="CreateForm_TC_001" time="65.854"/>
  <system-out/>
</testsuite> <!-- TestCases.SuperAdminModellerTestCase -->
