<?xml version="1.0" encoding="UTF-8"?>
<!-- Generated by org.testng.reporters.JUnitReportReporter -->
<testsuite hostname="DESKTOP-PDIP2HN" failures="0" tests="1" name="TestCases.AccountSettingsTestCase" time="126.162" errors="0" timestamp="2024-01-24T11:04:18 IST" skipped="0">
  <testcase classname="TestCases.AccountSettingsTestCase" name="AccountSettings_TC_001" time="126.162"/>
  <system-out/>
</testsuite> <!-- TestCases.AccountSettingsTestCase -->
