<?xml version="1.0" encoding="UTF-8"?>
<!-- Generated by org.testng.reporters.JUnitReportReporter -->
<testsuite hostname="DESKTOP-PDIP2HN" failures="0" tests="1" name="TestCases.SuperAdminHomePage" time="14.889" errors="0" timestamp="2024-01-15T13:06:10 IST" skipped="0">
  <testcase classname="TestCases.SuperAdminHomePage" name="SuperAdmin_TC_001" time="14.889"/>
  <system-out/>
</testsuite> <!-- TestCases.SuperAdminHomePage -->
