<?xml version="1.0" encoding="UTF-8"?>
<!-- Generated by org.testng.reporters.JUnitReportReporter -->
<testsuite hostname="DESKTOP-PDIP2HN" failures="0" tests="2" name="TestCases.NFTDocumentsTestCase" time="123.246" errors="0" timestamp="2024-01-24T12:09:40 IST" skipped="0">
  <testcase classname="TestCases.NFTDocumentsTestCase" name="TC_NFTDocuments" time="59.681"/>
  <system-out/>
  <testcase classname="TestCases.NFTDocumentsTestCase" name="TC_NFTDocuments" time="63.565"/>
  <system-out/>
</testsuite> <!-- TestCases.NFTDocumentsTestCase -->
