<?xml version="1.0" encoding="UTF-8"?>
<!-- Generated by org.testng.reporters.JUnitReportReporter -->
<testsuite hostname="DESKTOP-PDIP2HN" failures="0" tests="3" name="TestCases.AddRecipient" time="146.173" errors="0" timestamp="2024-01-16T15:48:40 IST" skipped="0">
  <testcase classname="TestCases.AddRecipient" name="TC_Login" time="52.525"/>
  <system-out/>
  <testcase classname="TestCases.AddRecipient" name="TC_Login" time="45.684"/>
  <system-out/>
  <testcase classname="TestCases.AddRecipient" name="TC_Login" time="47.964"/>
  <system-out/>
</testsuite> <!-- TestCases.AddRecipient -->
