<?xml version="1.0" encoding="UTF-8"?>
<!-- Generated by org.testng.reporters.JUnitReportReporter -->
<testsuite hostname="DESKTOP-PDIP2HN" failures="0" tests="2" name="TestCases.SuperAdminPlannerTestCase" time="101.862" errors="0" timestamp="2024-01-24T13:08:27 IST" skipped="0">
  <testcase classname="TestCases.SuperAdminPlannerTestCase" name="planner_TC_001" time="46.387"/>
  <system-out/>
  <testcase classname="TestCases.SuperAdminPlannerTestCase" name="planner_TC_001" time="55.475"/>
  <system-out/>
</testsuite> <!-- TestCases.SuperAdminPlannerTestCase -->
