<?xml version="1.0" encoding="UTF-8"?>
<!-- Generated by org.testng.reporters.JUnitReportReporter -->
<testsuite hostname="DESKTOP-PDIP2HN" failures="0" tests="2" name="TestCases.ModellerTestCase" time="112.082" errors="0" timestamp="2024-01-15T12:50:29 IST" skipped="0">
  <testcase classname="TestCases.ModellerTestCase" name="TC002" time="33.950"/>
  <system-out/>
  <testcase classname="TestCases.ModellerTestCase" name="TC_Modeller" time="78.132"/>
  <system-out/>
</testsuite> <!-- TestCases.ModellerTestCase -->
