<?xml version="1.0" encoding="UTF-8"?>
<!-- Generated by org.testng.reporters.JUnitReportReporter -->
<testsuite hostname="DESKTOP-PDIP2HN" failures="0" tests="5" name="TestCases.LoginTestCase" time="126.955" errors="0" timestamp="2024-01-24T11:52:55 IST" skipped="0">
  <testcase classname="TestCases.LoginTestCase" name="TC_Login" time="23.100"/>
  <system-out/>
  <testcase classname="TestCases.LoginTestCase" name="TC_Login" time="33.875"/>
  <system-out/>
  <testcase classname="TestCases.LoginTestCase" name="TC_Login" time="25.517"/>
  <system-out/>
  <testcase classname="TestCases.LoginTestCase" name="TC_Login" time="21.806"/>
  <system-out/>
  <testcase classname="TestCases.LoginTestCase" name="TC_Login" time="22.657"/>
  <system-out/>
</testsuite> <!-- TestCases.LoginTestCase -->
