<?xml version="1.0" encoding="UTF-8"?>
<!-- Generated by org.testng.reporters.JUnitReportReporter -->
<testsuite hostname="DESKTOP-PDIP2HN" failures="0" tests="1" name="TestCases.ExcelLogin" time="47.236" errors="0" timestamp="2024-01-22T18:24:35 IST" skipped="0">
  <testcase classname="TestCases.ExcelLogin" name="excelLogin_TC001" time="47.236"/>
  <system-out/>
</testsuite> <!-- TestCases.ExcelLogin -->
