<?xml version="1.0" encoding="UTF-8"?>
<!-- Generated by org.testng.reporters.JUnitReportReporter -->
<testsuite hostname="DESKTOP-PDIP2HN" failures="0" tests="1" name="TestCases.SuperAdminHomePageTestCase" time="40.895" errors="0" timestamp="2024-01-16T12:38:06 IST" skipped="0">
  <testcase classname="TestCases.SuperAdminHomePageTestCase" name="SuperAdmin_TC_001" time="40.895"/>
  <system-out/>
</testsuite> <!-- TestCases.SuperAdminHomePageTestCase -->
